\BOOKMARK [1][-]{section.1}{Ejercicio 1}{}% 1
\BOOKMARK [2][-]{subsection.1.1}{Introducci\363n}{section.1}% 2
\BOOKMARK [2][-]{subsection.1.2}{Comparaci\363n tecnolog\355as}{section.1}% 3
\BOOKMARK [2][-]{subsection.1.3}{Circuitos Propuestos}{section.1}% 4
\BOOKMARK [2][-]{subsection.1.4}{Dise\361o PCB}{section.1}% 5
\BOOKMARK [2][-]{subsection.1.5}{Observables de inter\351s.}{section.1}% 6
\BOOKMARK [2][-]{subsection.1.6}{An\341lisis de resultados.}{section.1}% 7
\BOOKMARK [1][-]{section.2}{Ejercicio 2}{}% 8
\BOOKMARK [2][-]{subsection.2.1}{An\341lisis de compatibilidad}{section.2}% 9
\BOOKMARK [2][-]{subsection.2.2}{Margen de ruido}{section.2}% 10
\BOOKMARK [2][-]{subsection.2.3}{An\341lisis de Fanout}{section.2}% 11
\BOOKMARK [2][-]{subsection.2.4}{Mediciones}{section.2}% 12
\BOOKMARK [1][-]{section.3}{Ejercicio 3}{}% 13
\BOOKMARK [2][-]{subsection.3.1}{Introducci\363n a riesgos est\341ticos}{section.3}% 14
\BOOKMARK [2][-]{subsection.3.2}{Desarrollo del circuito}{section.3}% 15
\BOOKMARK [2][-]{subsection.3.3}{Mediciones}{section.3}% 16
\BOOKMARK [1][-]{section.4}{Ejercicio 4}{}% 17
\BOOKMARK [2][-]{subsection.4.1}{Introducci\363n}{section.4}% 18
\BOOKMARK [2][-]{subsection.4.2}{Mediciones a baja frecuencia}{section.4}% 19
\BOOKMARK [2][-]{subsection.4.3}{Mediciones a alta frecuencia}{section.4}% 20
\BOOKMARK [2][-]{subsection.4.4}{Mediciones a la tensi\363n de alimentaci\363n}{section.4}% 21
\BOOKMARK [1][-]{section.5}{Ejercicio 5}{}% 22
\BOOKMARK [2][-]{subsection.5.1}{Introducci\363n}{section.5}% 23
\BOOKMARK [2][-]{subsection.5.2}{An\341lisis compuerta AND Open Gate}{section.5}% 24
\BOOKMARK [2][-]{subsection.5.3}{An\341lisis compuerta OR Open Gate}{section.5}% 25
\BOOKMARK [2][-]{subsection.5.4}{Soluci\363n al problema}{section.5}% 26
\BOOKMARK [1][-]{section.6}{Ejercicio 6}{}% 27
\BOOKMARK [2][-]{subsection.6.1}{SR-Latch}{section.6}% 28
\BOOKMARK [2][-]{subsection.6.2}{Flip Flop D}{section.6}% 29
\BOOKMARK [1][-]{section.7}{Ejercicio 7}{}% 30
\BOOKMARK [2][-]{subsection.7.1}{Introducci\363n}{section.7}% 31
\BOOKMARK [3][-]{subsubsection.7.1.1}{Contadores}{subsection.7.1}% 32
\BOOKMARK [3][-]{subsubsection.7.1.2}{Contadores As\355ncronos}{subsection.7.1}% 33
\BOOKMARK [3][-]{subsubsection.7.1.3}{Contadores S\355ncronos}{subsection.7.1}% 34
\BOOKMARK [2][-]{subsection.7.2}{Implementaciones y Mediciones}{section.7}% 35
\BOOKMARK [3][-]{subsubsection.7.2.1}{M\341xima Velocidad de Operaci\363n Te\363rica}{subsection.7.2}% 36
\BOOKMARK [3][-]{subsubsection.7.2.2}{Segunda Implementaci\363n y Mediciones}{subsection.7.2}% 37
