Added Component: Designator=J?(BORNERA2)
Added Component: Designator=J?(BORNERA3)
Added Component: Designator=J?(BORNERA2)
Added Component: Designator=Q1(SOT23)
Added Component: Designator=Q2(TO-220 V)
Added Component: Designator=R1(0805)
Added Component: Designator=R2(0805)
Added Component: Designator=R3(0805)
Added Component: Designator=R4(0805)
Added Component: Designator=T1(TO92)
Added Component: Designator=T2(TO92)
Added Component: Designator=T3(TO92)
Added Pin To Net: NetName=GND Pin=J?-1
Added Pin To Net: NetName=GND Pin=J?-1
Added Pin To Net: NetName=GND Pin=Q2-3
Added Pin To Net: NetName=GND Pin=T2-2
Added Pin To Net: NetName=GND Pin=T3-2
Added Net: Name=GND
Added Pin To Net: NetName=NetR1_1 Pin=R1-1
Added Pin To Net: NetName=NetR1_1 Pin=T1-1
Added Net: Name=NetR1_1
Added Pin To Net: NetName=NetR3_2 Pin=R3-2
Added Pin To Net: NetName=NetR3_2 Pin=T3-1
Added Net: Name=NetR3_2
Added Pin To Net: NetName=NetT1_3 Pin=T1-3
Added Pin To Net: NetName=NetT1_3 Pin=T2-1
Added Net: Name=NetT1_3
Added Pin To Net: NetName=VCC Pin=J?-2
Added Pin To Net: NetName=VCC Pin=Q1-3
Added Pin To Net: NetName=VCC Pin=R1-2
Added Pin To Net: NetName=VCC Pin=R2-2
Added Pin To Net: NetName=VCC Pin=R4-2
Added Net: Name=VCC
Added Pin To Net: NetName=VIN Pin=J?-2
Added Pin To Net: NetName=VIN Pin=Q1-1
Added Pin To Net: NetName=VIN Pin=Q2-1
Added Pin To Net: NetName=VIN Pin=R3-1
Added Pin To Net: NetName=VIN Pin=T1-2
Added Net: Name=VIN
Added Pin To Net: NetName=VOUT-MOS Pin=J?-3
Added Pin To Net: NetName=VOUT-MOS Pin=Q1-2
Added Pin To Net: NetName=VOUT-MOS Pin=Q2-2
Added Net: Name=VOUT-MOS
Added Pin To Net: NetName=VOUT-RTL Pin=J?-2
Added Pin To Net: NetName=VOUT-RTL Pin=R4-1
Added Pin To Net: NetName=VOUT-RTL Pin=T3-3
Added Net: Name=VOUT-RTL
Added Pin To Net: NetName=VOUT-TTL Pin=J?-1
Added Pin To Net: NetName=VOUT-TTL Pin=R2-1
Added Pin To Net: NetName=VOUT-TTL Pin=T2-3
Added Net: Name=VOUT-TTL
Added Class: Name=Sheet1
Added Room: Name=Sheet1
