Added Component: Designator=C1(0805)
Added Component: Designator=C1(0805)
Added Component: Designator=C2(0805)
Added Component: Designator=C3(0805)
Added Component: Designator=DFF(BORNERA2)
Added Component: Designator=IN(BORNERA2)
Added Component: Designator=OutDFF(TPTH)
Added Component: Designator=OutSR(TPTH)
Added Component: Designator=OUT(BORNERA2)
Added Component: Designator=SR(BORNERA2)
Added Component: Designator=U1(646-06)
Added Component: Designator=U2(646-06)
Added Component: Designator=U3(646-06)
Added Component: Designator=U4(646-06)
Added Component: Designator=VCC(BORNERA2)
Added Component: Designator=VCC(BORNERA2)
Added Pin To Net: NetName=CLCK Pin=DFF-1
Added Pin To Net: NetName=CLCK Pin=U2-2
Added Pin To Net: NetName=CLCK Pin=U2-4
Added Net: Name=CLCK
Added Pin To Net: NetName=D Pin=DFF-2
Added Pin To Net: NetName=D Pin=U2-1
Added Pin To Net: NetName=D Pin=U3-1
Added Pin To Net: NetName=D Pin=U3-2
Added Net: Name=D
Added Pin To Net: NetName=GND Pin=C1-2
Added Pin To Net: NetName=GND Pin=C1-2
Added Pin To Net: NetName=GND Pin=C2-2
Added Pin To Net: NetName=GND Pin=C3-2
Added Pin To Net: NetName=GND Pin=IN-1
Added Pin To Net: NetName=GND Pin=OUT-2
Added Pin To Net: NetName=GND Pin=U1-7
Added Pin To Net: NetName=GND Pin=U1-8
Added Pin To Net: NetName=GND Pin=U1-9
Added Pin To Net: NetName=GND Pin=U1-10
Added Pin To Net: NetName=GND Pin=U1-11
Added Pin To Net: NetName=GND Pin=U1-12
Added Pin To Net: NetName=GND Pin=U1-13
Added Pin To Net: NetName=GND Pin=U2-7
Added Pin To Net: NetName=GND Pin=U3-7
Added Pin To Net: NetName=GND Pin=U4-7
Added Pin To Net: NetName=GND Pin=VCC-1
Added Pin To Net: NetName=GND Pin=VCC-1
Added Net: Name=GND
Added Pin To Net: NetName=NetIN_2 Pin=IN-2
Added Pin To Net: NetName=NetIN_2 Pin=U4-2
Added Pin To Net: NetName=NetIN_2 Pin=U4-3
Added Pin To Net: NetName=NetIN_2 Pin=U4-12
Added Net: Name=NetIN_2
Added Pin To Net: NetName=NetOUT_1 Pin=OUT-1
Added Pin To Net: NetName=NetOUT_1 Pin=U4-13
Added Net: Name=NetOUT_1
Added Pin To Net: NetName=NetOutDFF_1 Pin=OutDFF-1
Added Pin To Net: NetName=NetOutDFF_1 Pin=U2-8
Added Pin To Net: NetName=NetOutDFF_1 Pin=U2-12
Added Net: Name=NetOutDFF_1
Added Pin To Net: NetName=NetOutSR_1 Pin=OutSR-1
Added Pin To Net: NetName=NetOutSR_1 Pin=U1-1
Added Pin To Net: NetName=NetOutSR_1 Pin=U1-5
Added Net: Name=NetOutSR_1
Added Pin To Net: NetName=NetU1_3 Pin=U1-3
Added Pin To Net: NetName=NetU1_3 Pin=U1-4
Added Net: Name=NetU1_3
Added Pin To Net: NetName=NetU2_3 Pin=U2-3
Added Pin To Net: NetName=NetU2_3 Pin=U2-9
Added Net: Name=NetU2_3
Added Pin To Net: NetName=NetU2_5 Pin=U2-5
Added Pin To Net: NetName=NetU2_5 Pin=U3-3
Added Net: Name=NetU2_5
Added Pin To Net: NetName=NetU2_6 Pin=U2-6
Added Pin To Net: NetName=NetU2_6 Pin=U2-13
Added Net: Name=NetU2_6
Added Pin To Net: NetName=NetU2_10 Pin=U2-10
Added Pin To Net: NetName=NetU2_10 Pin=U2-11
Added Net: Name=NetU2_10
Added Pin To Net: NetName=NetU4_1 Pin=U4-1
Added Pin To Net: NetName=NetU4_1 Pin=U4-5
Added Pin To Net: NetName=NetU4_1 Pin=U4-6
Added Net: Name=NetU4_1
Added Pin To Net: NetName=NetU4_4 Pin=U4-4
Added Pin To Net: NetName=NetU4_4 Pin=U4-8
Added Pin To Net: NetName=NetU4_4 Pin=U4-9
Added Net: Name=NetU4_4
Added Pin To Net: NetName=NetU4_10 Pin=U4-10
Added Pin To Net: NetName=NetU4_10 Pin=U4-11
Added Net: Name=NetU4_10
Added Pin To Net: NetName=R Pin=SR-1
Added Pin To Net: NetName=R Pin=U1-2
Added Net: Name=R
Added Pin To Net: NetName=S Pin=SR-2
Added Pin To Net: NetName=S Pin=U1-6
Added Net: Name=S
Added Pin To Net: NetName=VCC Pin=C1-1
Added Pin To Net: NetName=VCC Pin=C1-1
Added Pin To Net: NetName=VCC Pin=C2-1
Added Pin To Net: NetName=VCC Pin=C3-1
Added Pin To Net: NetName=VCC Pin=U1-14
Added Pin To Net: NetName=VCC Pin=U2-14
Added Pin To Net: NetName=VCC Pin=U3-14
Added Pin To Net: NetName=VCC Pin=U4-14
Added Pin To Net: NetName=VCC Pin=VCC-2
Added Pin To Net: NetName=VCC Pin=VCC-2
Added Net: Name=VCC
Added Pin To Net: NetName=VDD Pin=U2-14
Added Net: Name=VDD
Added Class: Name=edgeDetector
Added Room: Name=edgeDetector
