Removed Pin From Net: NetName=GND Pin=LATCH-4
Removed Pin From Net: NetName=S Pin=LATCH-5
Removed Pin From Net: NetName=R Pin=LATCH-6
Removed Pin From Net: NetName=NetLATCH_4 Pin=LATCH-7
Removed Pin From Net: NetName=VCC Pin=LATCH-14
Removed Pin From Net: NetName=NetLATCH_4 Pin=OutSR2-1
Removed Member From Class: ClassName=Sheet1 Member=LATCH
Removed Member From Class: ClassName=Sheet1 Member=OutSR2
Added Component: Designator=OutDFF(TPTH)
Added Component: Designator=U2(646-06)
Added Component: Designator=U3(646-06)
Added Pin To Net: NetName=NetU1_3 Pin=U1-7
Added Pin To Net: NetName=D Pin=U2-1
Added Pin To Net: NetName=CLCK Pin=U2-2
Added Pin To Net: NetName=CLCK Pin=U2-4
Added Pin To Net: NetName=GND Pin=U2-7
Added Pin To Net: NetName=NetLATCH_4 Pin=U2-14
Added Pin To Net: NetName=D Pin=U3-1
Added Pin To Net: NetName=D Pin=U3-2
Added Pin To Net: NetName=GND Pin=U3-7
Added Pin To Net: NetName=NetLATCH_4 Pin=U3-14
Change Net Name : Old Net Name=NetLATCH_4 New Net Name=VDD
Added Pin To Net: NetName=NetOutDFF_1 Pin=OutDFF-1
Added Pin To Net: NetName=NetOutDFF_1 Pin=U2-8
Added Pin To Net: NetName=NetOutDFF_1 Pin=U2-12
Added Net: Name=NetOutDFF_1
Added Pin To Net: NetName=NetU2_3 Pin=U2-3
Added Pin To Net: NetName=NetU2_3 Pin=U2-9
Added Net: Name=NetU2_3
Added Pin To Net: NetName=NetU2_5 Pin=U2-5
Added Pin To Net: NetName=NetU2_5 Pin=U3-3
Added Net: Name=NetU2_5
Added Pin To Net: NetName=NetU2_6 Pin=U2-6
Added Pin To Net: NetName=NetU2_6 Pin=U2-13
Added Net: Name=NetU2_6
Added Pin To Net: NetName=NetU2_10 Pin=U2-10
Added Pin To Net: NetName=NetU2_10 Pin=U2-11
Added Net: Name=NetU2_10
Added Member To Class: ClassName=Sheet1 Member=Component OutDFF TP
Added Member To Class: ClassName=Sheet1 Member=Component U2 MC74HC132AN
Added Member To Class: ClassName=Sheet1 Member=Component U3 MC74HC132AN
Added Room: Name=Sheet1
