Added Component: Designator=AND1_U_JK_FF1(*SOIC127P600X175-14N)
Add component. Clean all parameters for all variants
Add component (AddParameter): Name = "Availability"; Value = "Unavailable"; VariantName = "[No Variations]"
Add component (AddParameter): Name = "MF"; Value = "Texas Instruments"; VariantName = "[No Variations]"
Add component (AddParameter): Name = "MP"; Value = "CD4073BM"; VariantName = "[No Variations]"
Add component (AddParameter): Name = "Package"; Value = "SOIC-14 Texas Instruments"; VariantName = "[No Variations]"
Add component (AddParameter): Name = "Price"; Value = "None"; VariantName = "[No Variations]"
Add component (AddParameter): Name = "SnapEDA_Link"; Value = "https://www.snapeda.com/parts/CD4073BM/Texas%20Instruments/view-part/?ref=snap"; VariantName = "[No Variations]"
Add component (AddParameter): Name = "Value"; Value = ""; VariantName = "[No Variations]"
Added Component: Designator=AND1_U_JK_FF2(*SOIC127P600X175-14N)
Add component. Clean all parameters for all variants
Add component (AddParameter): Name = "Availability"; Value = "Unavailable"; VariantName = "[No Variations]"
Add component (AddParameter): Name = "MF"; Value = "Texas Instruments"; VariantName = "[No Variations]"
Add component (AddParameter): Name = "MP"; Value = "CD4073BM"; VariantName = "[No Variations]"
Add component (AddParameter): Name = "Package"; Value = "SOIC-14 Texas Instruments"; VariantName = "[No Variations]"
Add component (AddParameter): Name = "Price"; Value = "None"; VariantName = "[No Variations]"
Add component (AddParameter): Name = "SnapEDA_Link"; Value = "https://www.snapeda.com/parts/CD4073BM/Texas%20Instruments/view-part/?ref=snap"; VariantName = "[No Variations]"
Add component (AddParameter): Name = "Value"; Value = ""; VariantName = "[No Variations]"
Added Component: Designator=AND1_U_JK_FF3(*SOIC127P600X175-14N)
Add component. Clean all parameters for all variants
Add component (AddParameter): Name = "Availability"; Value = "Unavailable"; VariantName = "[No Variations]"
Add component (AddParameter): Name = "MF"; Value = "Texas Instruments"; VariantName = "[No Variations]"
Add component (AddParameter): Name = "MP"; Value = "CD4073BM"; VariantName = "[No Variations]"
Add component (AddParameter): Name = "Package"; Value = "SOIC-14 Texas Instruments"; VariantName = "[No Variations]"
Add component (AddParameter): Name = "Price"; Value = "None"; VariantName = "[No Variations]"
Add component (AddParameter): Name = "SnapEDA_Link"; Value = "https://www.snapeda.com/parts/CD4073BM/Texas%20Instruments/view-part/?ref=snap"; VariantName = "[No Variations]"
Add component (AddParameter): Name = "Value"; Value = ""; VariantName = "[No Variations]"
Added Component: Designator=AND1_U_JK_FF4(*SOIC127P600X175-14N)
Add component. Clean all parameters for all variants
Add component (AddParameter): Name = "Availability"; Value = "Unavailable"; VariantName = "[No Variations]"
Add component (AddParameter): Name = "MF"; Value = "Texas Instruments"; VariantName = "[No Variations]"
Add component (AddParameter): Name = "MP"; Value = "CD4073BM"; VariantName = "[No Variations]"
Add component (AddParameter): Name = "Package"; Value = "SOIC-14 Texas Instruments"; VariantName = "[No Variations]"
Add component (AddParameter): Name = "Price"; Value = "None"; VariantName = "[No Variations]"
Add component (AddParameter): Name = "SnapEDA_Link"; Value = "https://www.snapeda.com/parts/CD4073BM/Texas%20Instruments/view-part/?ref=snap"; VariantName = "[No Variations]"
Add component (AddParameter): Name = "Value"; Value = ""; VariantName = "[No Variations]"
Added Component: Designator=AND1_U_JK_FF5(*SOIC127P600X175-14N)
Add component. Clean all parameters for all variants
Add component (AddParameter): Name = "Availability"; Value = "Unavailable"; VariantName = "[No Variations]"
Add component (AddParameter): Name = "MF"; Value = "Texas Instruments"; VariantName = "[No Variations]"
Add component (AddParameter): Name = "MP"; Value = "CD4073BM"; VariantName = "[No Variations]"
Add component (AddParameter): Name = "Package"; Value = "SOIC-14 Texas Instruments"; VariantName = "[No Variations]"
Add component (AddParameter): Name = "Price"; Value = "None"; VariantName = "[No Variations]"
Add component (AddParameter): Name = "SnapEDA_Link"; Value = "https://www.snapeda.com/parts/CD4073BM/Texas%20Instruments/view-part/?ref=snap"; VariantName = "[No Variations]"
Add component (AddParameter): Name = "Value"; Value = ""; VariantName = "[No Variations]"
Added Component: Designator=AND2(*SOIC127P600X175-14N)
Add component. Clean all parameters for all variants
Add component (AddParameter): Name = "Availability"; Value = "Unavailable"; VariantName = "[No Variations]"
Add component (AddParameter): Name = "MF"; Value = "Texas Instruments"; VariantName = "[No Variations]"
Add component (AddParameter): Name = "MP"; Value = "CD4073BM"; VariantName = "[No Variations]"
Add component (AddParameter): Name = "Package"; Value = "SOIC-14 Texas Instruments"; VariantName = "[No Variations]"
Add component (AddParameter): Name = "Price"; Value = "None"; VariantName = "[No Variations]"
Add component (AddParameter): Name = "SnapEDA_Link"; Value = "https://www.snapeda.com/parts/CD4073BM/Texas%20Instruments/view-part/?ref=snap"; VariantName = "[No Variations]"
Add component (AddParameter): Name = "Value"; Value = ""; VariantName = "[No Variations]"
Added Component: Designator=CAP_D1_U_JK_FF1(CAP200)
Add component. Clean all parameters for all variants
Added Component: Designator=CAP_D1_U_JK_FF2(CAP200)
Add component. Clean all parameters for all variants
Added Component: Designator=CAP_D1_U_JK_FF3(CAP200)
Add component. Clean all parameters for all variants
Added Component: Designator=CAP_D1_U_JK_FF4(CAP200)
Add component. Clean all parameters for all variants
Added Component: Designator=CAP_D1_U_JK_FF5(CAP200)
Add component. Clean all parameters for all variants
Added Component: Designator=CAP_D2_U_JK_FF1(CAP200)
Add component. Clean all parameters for all variants
Added Component: Designator=CAP_D2_U_JK_FF2(CAP200)
Add component. Clean all parameters for all variants
Added Component: Designator=CAP_D2_U_JK_FF3(CAP200)
Add component. Clean all parameters for all variants
Added Component: Designator=CAP_D2_U_JK_FF4(CAP200)
Add component. Clean all parameters for all variants
Added Component: Designator=CAP_D2_U_JK_FF5(CAP200)
Add component. Clean all parameters for all variants
Added Component: Designator=CAP_D3(CAP200)
Add component. Clean all parameters for all variants
Added Component: Designator=CAP_D4(CAP200)
Add component. Clean all parameters for all variants
Added Component: Designator=NOR1_U_JK_FF1(*DIP254P762X508-14)
Add component. Clean all parameters for all variants
Add component (AddParameter): Name = "Availability"; Value = "Unavailable"; VariantName = "[No Variations]"
Add component (AddParameter): Name = "MF"; Value = "Texas Instruments"; VariantName = "[No Variations]"
Add component (AddParameter): Name = "MP"; Value = "SN74HC02N"; VariantName = "[No Variations]"
Add component (AddParameter): Name = "Package"; Value = "DIP-14 Texas Instruments"; VariantName = "[No Variations]"
Add component (AddParameter): Name = "Price"; Value = "None"; VariantName = "[No Variations]"
Add component (AddParameter): Name = "SnapEDA_Link"; Value = "https://www.snapeda.com/parts/SN74HC02N/Texas%20Instruments/view-part/?ref=snap"; VariantName = "[No Variations]"
Add component (AddParameter): Name = "Value"; Value = ""; VariantName = "[No Variations]"
Added Component: Designator=NOR1_U_JK_FF2(*DIP254P762X508-14)
Add component. Clean all parameters for all variants
Add component (AddParameter): Name = "Availability"; Value = "Unavailable"; VariantName = "[No Variations]"
Add component (AddParameter): Name = "MF"; Value = "Texas Instruments"; VariantName = "[No Variations]"
Add component (AddParameter): Name = "MP"; Value = "SN74HC02N"; VariantName = "[No Variations]"
Add component (AddParameter): Name = "Package"; Value = "DIP-14 Texas Instruments"; VariantName = "[No Variations]"
Add component (AddParameter): Name = "Price"; Value = "None"; VariantName = "[No Variations]"
Add component (AddParameter): Name = "SnapEDA_Link"; Value = "https://www.snapeda.com/parts/SN74HC02N/Texas%20Instruments/view-part/?ref=snap"; VariantName = "[No Variations]"
Add component (AddParameter): Name = "Value"; Value = ""; VariantName = "[No Variations]"
Added Component: Designator=NOR1_U_JK_FF3(*DIP254P762X508-14)
Add component. Clean all parameters for all variants
Add component (AddParameter): Name = "Availability"; Value = "Unavailable"; VariantName = "[No Variations]"
Add component (AddParameter): Name = "MF"; Value = "Texas Instruments"; VariantName = "[No Variations]"
Add component (AddParameter): Name = "MP"; Value = "SN74HC02N"; VariantName = "[No Variations]"
Add component (AddParameter): Name = "Package"; Value = "DIP-14 Texas Instruments"; VariantName = "[No Variations]"
Add component (AddParameter): Name = "Price"; Value = "None"; VariantName = "[No Variations]"
Add component (AddParameter): Name = "SnapEDA_Link"; Value = "https://www.snapeda.com/parts/SN74HC02N/Texas%20Instruments/view-part/?ref=snap"; VariantName = "[No Variations]"
Add component (AddParameter): Name = "Value"; Value = ""; VariantName = "[No Variations]"
Added Component: Designator=NOR1_U_JK_FF4(*DIP254P762X508-14)
Add component. Clean all parameters for all variants
Add component (AddParameter): Name = "Availability"; Value = "Unavailable"; VariantName = "[No Variations]"
Add component (AddParameter): Name = "MF"; Value = "Texas Instruments"; VariantName = "[No Variations]"
Add component (AddParameter): Name = "MP"; Value = "SN74HC02N"; VariantName = "[No Variations]"
Add component (AddParameter): Name = "Package"; Value = "DIP-14 Texas Instruments"; VariantName = "[No Variations]"
Add component (AddParameter): Name = "Price"; Value = "None"; VariantName = "[No Variations]"
Add component (AddParameter): Name = "SnapEDA_Link"; Value = "https://www.snapeda.com/parts/SN74HC02N/Texas%20Instruments/view-part/?ref=snap"; VariantName = "[No Variations]"
Add component (AddParameter): Name = "Value"; Value = ""; VariantName = "[No Variations]"
Added Component: Designator=NOR1_U_JK_FF5(*DIP254P762X508-14)
Add component. Clean all parameters for all variants
Add component (AddParameter): Name = "Availability"; Value = "Unavailable"; VariantName = "[No Variations]"
Add component (AddParameter): Name = "MF"; Value = "Texas Instruments"; VariantName = "[No Variations]"
Add component (AddParameter): Name = "MP"; Value = "SN74HC02N"; VariantName = "[No Variations]"
Add component (AddParameter): Name = "Package"; Value = "DIP-14 Texas Instruments"; VariantName = "[No Variations]"
Add component (AddParameter): Name = "Price"; Value = "None"; VariantName = "[No Variations]"
Add component (AddParameter): Name = "SnapEDA_Link"; Value = "https://www.snapeda.com/parts/SN74HC02N/Texas%20Instruments/view-part/?ref=snap"; VariantName = "[No Variations]"
Add component (AddParameter): Name = "Value"; Value = ""; VariantName = "[No Variations]"
Added Component: Designator=NOR2(*DIP254P762X508-14)
Add component. Clean all parameters for all variants
Add component (AddParameter): Name = "Availability"; Value = "Unavailable"; VariantName = "[No Variations]"
Add component (AddParameter): Name = "MF"; Value = "Texas Instruments"; VariantName = "[No Variations]"
Add component (AddParameter): Name = "MP"; Value = "SN74HC02N"; VariantName = "[No Variations]"
Add component (AddParameter): Name = "Package"; Value = "DIP-14 Texas Instruments"; VariantName = "[No Variations]"
Add component (AddParameter): Name = "Price"; Value = "None"; VariantName = "[No Variations]"
Add component (AddParameter): Name = "SnapEDA_Link"; Value = "https://www.snapeda.com/parts/SN74HC02N/Texas%20Instruments/view-part/?ref=snap"; VariantName = "[No Variations]"
Add component (AddParameter): Name = "Value"; Value = ""; VariantName = "[No Variations]"
Added Component: Designator=P1(HDR1X2)
Add component. Clean all parameters for all variants
Add component (AddParameter): Name = "LatestRevisionDate"; Value = "17-Jul-2002"; VariantName = "[No Variations]"
Add component (AddParameter): Name = "LatestRevisionNote"; Value = "Re-released for DXP Platform."; VariantName = "[No Variations]"
Add component (AddParameter): Name = "Publisher"; Value = "Altium Limited"; VariantName = "[No Variations]"
Added Component: Designator=P2(HDR2X5)
Add component. Clean all parameters for all variants
Add component (AddParameter): Name = "LatestRevisionDate"; Value = "17-Jul-2002"; VariantName = "[No Variations]"
Add component (AddParameter): Name = "LatestRevisionNote"; Value = "Re-released for DXP Platform."; VariantName = "[No Variations]"
Add component (AddParameter): Name = "Publisher"; Value = "Altium Limited"; VariantName = "[No Variations]"
Added Component: Designator=S1(SOT23-6_N)
Add component. Clean all parameters for all variants
Add component (AddParameter): Name = "Code_IPC"; Value = "SOT26A-6"; VariantName = "[No Variations]"
Add component (AddParameter): Name = "Code_JEITA"; Value = "SC-74"; VariantName = "[No Variations]"
Add component (AddParameter): Name = "LatestRevisionDate"; Value = "29-May-2009"; VariantName = "[No Variations]"
Add component (AddParameter): Name = "LatestRevisionNote"; Value = "IPC-7351 Footprint Added."; VariantName = "[No Variations]"
Add component (AddParameter): Name = "PackageDescription"; Value = "6-Pin SOT-23 Package 0.95 mm Pitch, 2.7 mm Lead Span"; VariantName = "[No Variations]"
Add component (AddParameter): Name = "PackageReference"; Value = "SOT23-6"; VariantName = "[No Variations]"
Add component (AddParameter): Name = "PackageVersion"; Value = "Mar-2001"; VariantName = "[No Variations]"
Add component (AddParameter): Name = "Published"; Value = "24-Mar-1999"; VariantName = "[No Variations]"
Add component (AddParameter): Name = "Publisher"; Value = "Altium Limited"; VariantName = "[No Variations]"
Added Component: Designator=S2(SOT23-6_N)
Add component. Clean all parameters for all variants
Add component (AddParameter): Name = "Code_IPC"; Value = "SOT26A-6"; VariantName = "[No Variations]"
Add component (AddParameter): Name = "Code_JEITA"; Value = "SC-74"; VariantName = "[No Variations]"
Add component (AddParameter): Name = "LatestRevisionDate"; Value = "29-May-2009"; VariantName = "[No Variations]"
Add component (AddParameter): Name = "LatestRevisionNote"; Value = "IPC-7351 Footprint Added."; VariantName = "[No Variations]"
Add component (AddParameter): Name = "PackageDescription"; Value = "6-Pin SOT-23 Package 0.95 mm Pitch, 2.7 mm Lead Span"; VariantName = "[No Variations]"
Add component (AddParameter): Name = "PackageReference"; Value = "SOT23-6"; VariantName = "[No Variations]"
Add component (AddParameter): Name = "PackageVersion"; Value = "Mar-2001"; VariantName = "[No Variations]"
Add component (AddParameter): Name = "Published"; Value = "24-Mar-1999"; VariantName = "[No Variations]"
Add component (AddParameter): Name = "Publisher"; Value = "Altium Limited"; VariantName = "[No Variations]"
Added Pin To Net: NetName=CLK0_U_JK_FF4 Pin=AND1_U_JK_FF4-2
Added Pin To Net: NetName=CLK0_U_JK_FF4 Pin=AND1_U_JK_FF4-4
Added Pin To Net: NetName=CLK0_U_JK_FF4 Pin=S2-5
Added Net: Name=CLK0_U_JK_FF4
Added Pin To Net: NetName=CLK0_U_JK_FF5 Pin=AND1_U_JK_FF5-2
Added Pin To Net: NetName=CLK0_U_JK_FF5 Pin=AND1_U_JK_FF5-4
Added Pin To Net: NetName=CLK0_U_JK_FF5 Pin=S2-1
Added Net: Name=CLK0_U_JK_FF5
Added Pin To Net: NetName=CLK0 Pin=AND1_U_JK_FF1-2
Added Pin To Net: NetName=CLK0 Pin=AND1_U_JK_FF1-4
Added Pin To Net: NetName=CLK0 Pin=AND1_U_JK_FF2-2
Added Pin To Net: NetName=CLK0 Pin=AND1_U_JK_FF2-4
Added Pin To Net: NetName=CLK0 Pin=AND1_U_JK_FF3-2
Added Pin To Net: NetName=CLK0 Pin=AND1_U_JK_FF3-4
Added Pin To Net: NetName=CLK0 Pin=AND2-2
Added Pin To Net: NetName=CLK0 Pin=AND2-4
Added Pin To Net: NetName=CLK0 Pin=P1-2
Added Net: Name=CLK0
Added Pin To Net: NetName=GND Pin=AND1_U_JK_FF1-7
Added Pin To Net: NetName=GND Pin=AND1_U_JK_FF2-7
Added Pin To Net: NetName=GND Pin=AND1_U_JK_FF3-7
Added Pin To Net: NetName=GND Pin=AND1_U_JK_FF4-7
Added Pin To Net: NetName=GND Pin=AND1_U_JK_FF5-7
Added Pin To Net: NetName=GND Pin=AND2-7
Added Pin To Net: NetName=GND Pin=CAP_D1_U_JK_FF1-2
Added Pin To Net: NetName=GND Pin=CAP_D1_U_JK_FF2-2
Added Pin To Net: NetName=GND Pin=CAP_D1_U_JK_FF3-2
Added Pin To Net: NetName=GND Pin=CAP_D1_U_JK_FF4-2
Added Pin To Net: NetName=GND Pin=CAP_D1_U_JK_FF5-2
Added Pin To Net: NetName=GND Pin=CAP_D2_U_JK_FF1-2
Added Pin To Net: NetName=GND Pin=CAP_D2_U_JK_FF2-2
Added Pin To Net: NetName=GND Pin=CAP_D2_U_JK_FF3-2
Added Pin To Net: NetName=GND Pin=CAP_D2_U_JK_FF4-2
Added Pin To Net: NetName=GND Pin=CAP_D2_U_JK_FF5-2
Added Pin To Net: NetName=GND Pin=CAP_D3-2
Added Pin To Net: NetName=GND Pin=CAP_D4-2
Added Pin To Net: NetName=GND Pin=NOR1_U_JK_FF1-7
Added Pin To Net: NetName=GND Pin=NOR1_U_JK_FF2-7
Added Pin To Net: NetName=GND Pin=NOR1_U_JK_FF3-7
Added Pin To Net: NetName=GND Pin=NOR1_U_JK_FF4-7
Added Pin To Net: NetName=GND Pin=NOR1_U_JK_FF5-7
Added Pin To Net: NetName=GND Pin=NOR2-7
Added Pin To Net: NetName=GND Pin=P1-1
Added Pin To Net: NetName=GND Pin=P2-10
Added Net: Name=GND
Added Pin To Net: NetName=J0_U_JK_FF1 Pin=AND1_U_JK_FF1-1
Added Pin To Net: NetName=J0_U_JK_FF1 Pin=AND1_U_JK_FF1-3
Added Pin To Net: NetName=J0_U_JK_FF1 Pin=AND1_U_JK_FF1-14
Added Pin To Net: NetName=J0_U_JK_FF1 Pin=AND1_U_JK_FF2-14
Added Pin To Net: NetName=J0_U_JK_FF1 Pin=AND1_U_JK_FF3-1
Added Pin To Net: NetName=J0_U_JK_FF1 Pin=AND1_U_JK_FF3-3
Added Pin To Net: NetName=J0_U_JK_FF1 Pin=AND1_U_JK_FF3-14
Added Pin To Net: NetName=J0_U_JK_FF1 Pin=AND1_U_JK_FF4-1
Added Pin To Net: NetName=J0_U_JK_FF1 Pin=AND1_U_JK_FF4-3
Added Pin To Net: NetName=J0_U_JK_FF1 Pin=AND1_U_JK_FF4-14
Added Pin To Net: NetName=J0_U_JK_FF1 Pin=AND1_U_JK_FF5-1
Added Pin To Net: NetName=J0_U_JK_FF1 Pin=AND1_U_JK_FF5-3
Added Pin To Net: NetName=J0_U_JK_FF1 Pin=AND1_U_JK_FF5-14
Added Pin To Net: NetName=J0_U_JK_FF1 Pin=AND2-13
Added Pin To Net: NetName=J0_U_JK_FF1 Pin=AND2-14
Added Pin To Net: NetName=J0_U_JK_FF1 Pin=CAP_D1_U_JK_FF1-1
Added Pin To Net: NetName=J0_U_JK_FF1 Pin=CAP_D1_U_JK_FF2-1
Added Pin To Net: NetName=J0_U_JK_FF1 Pin=CAP_D1_U_JK_FF3-1
Added Pin To Net: NetName=J0_U_JK_FF1 Pin=CAP_D1_U_JK_FF4-1
Added Pin To Net: NetName=J0_U_JK_FF1 Pin=CAP_D1_U_JK_FF5-1
Added Pin To Net: NetName=J0_U_JK_FF1 Pin=CAP_D2_U_JK_FF1-1
Added Pin To Net: NetName=J0_U_JK_FF1 Pin=CAP_D2_U_JK_FF2-1
Added Pin To Net: NetName=J0_U_JK_FF1 Pin=CAP_D2_U_JK_FF3-1
Added Pin To Net: NetName=J0_U_JK_FF1 Pin=CAP_D2_U_JK_FF4-1
Added Pin To Net: NetName=J0_U_JK_FF1 Pin=CAP_D2_U_JK_FF5-1
Added Pin To Net: NetName=J0_U_JK_FF1 Pin=CAP_D3-1
Added Pin To Net: NetName=J0_U_JK_FF1 Pin=CAP_D4-1
Added Pin To Net: NetName=J0_U_JK_FF1 Pin=NOR1_U_JK_FF1-14
Added Pin To Net: NetName=J0_U_JK_FF1 Pin=NOR1_U_JK_FF2-14
Added Pin To Net: NetName=J0_U_JK_FF1 Pin=NOR1_U_JK_FF3-14
Added Pin To Net: NetName=J0_U_JK_FF1 Pin=NOR1_U_JK_FF4-14
Added Pin To Net: NetName=J0_U_JK_FF1 Pin=NOR1_U_JK_FF5-14
Added Pin To Net: NetName=J0_U_JK_FF1 Pin=NOR2-14
Added Pin To Net: NetName=J0_U_JK_FF1 Pin=P2-1
Added Net: Name=J0_U_JK_FF1
Added Pin To Net: NetName=J0_U_JK_FF2 Pin=AND1_U_JK_FF2-1
Added Pin To Net: NetName=J0_U_JK_FF2 Pin=AND1_U_JK_FF2-3
Added Pin To Net: NetName=J0_U_JK_FF2 Pin=AND2-12
Added Pin To Net: NetName=J0_U_JK_FF2 Pin=S1-5
Added Net: Name=J0_U_JK_FF2
Added Pin To Net: NetName=J0 Pin=AND2-1
Added Pin To Net: NetName=J0 Pin=AND2-3
Added Pin To Net: NetName=J0 Pin=AND2-10
Added Net: Name=J0
Added Pin To Net: NetName=NetAND1_U_JK_FF1_5 Pin=AND1_U_JK_FF1-5
Added Pin To Net: NetName=NetAND1_U_JK_FF1_5 Pin=NOR1_U_JK_FF1-2
Added Pin To Net: NetName=NetAND1_U_JK_FF1_5 Pin=NOR1_U_JK_FF1-4
Added Pin To Net: NetName=NetAND1_U_JK_FF1_5 Pin=S1-4
Added Net: Name=NetAND1_U_JK_FF1_5
Added Pin To Net: NetName=NetAND1_U_JK_FF1_6 Pin=AND1_U_JK_FF1-6
Added Pin To Net: NetName=NetAND1_U_JK_FF1_6 Pin=NOR1_U_JK_FF1-3
Added Net: Name=NetAND1_U_JK_FF1_6
Added Pin To Net: NetName=NetAND1_U_JK_FF1_8 Pin=AND1_U_JK_FF1-8
Added Pin To Net: NetName=NetAND1_U_JK_FF1_8 Pin=NOR1_U_JK_FF1-1
Added Pin To Net: NetName=NetAND1_U_JK_FF1_8 Pin=NOR1_U_JK_FF1-5
Added Pin To Net: NetName=NetAND1_U_JK_FF1_8 Pin=P2-6
Added Pin To Net: NetName=NetAND1_U_JK_FF1_8 Pin=S1-6
Added Net: Name=NetAND1_U_JK_FF1_8
Added Pin To Net: NetName=NetAND1_U_JK_FF1_9 Pin=AND1_U_JK_FF1-9
Added Pin To Net: NetName=NetAND1_U_JK_FF1_9 Pin=NOR1_U_JK_FF1-6
Added Net: Name=NetAND1_U_JK_FF1_9
Added Pin To Net: NetName=NetAND1_U_JK_FF2_5 Pin=AND1_U_JK_FF2-5
Added Pin To Net: NetName=NetAND1_U_JK_FF2_5 Pin=NOR1_U_JK_FF2-2
Added Pin To Net: NetName=NetAND1_U_JK_FF2_5 Pin=NOR1_U_JK_FF2-4
Added Pin To Net: NetName=NetAND1_U_JK_FF2_5 Pin=S1-2
Added Net: Name=NetAND1_U_JK_FF2_5
Added Pin To Net: NetName=NetAND1_U_JK_FF2_6 Pin=AND1_U_JK_FF2-6
Added Pin To Net: NetName=NetAND1_U_JK_FF2_6 Pin=NOR1_U_JK_FF2-3
Added Net: Name=NetAND1_U_JK_FF2_6
Added Pin To Net: NetName=NetAND1_U_JK_FF2_8 Pin=AND1_U_JK_FF2-8
Added Pin To Net: NetName=NetAND1_U_JK_FF2_8 Pin=NOR1_U_JK_FF2-1
Added Pin To Net: NetName=NetAND1_U_JK_FF2_8 Pin=NOR1_U_JK_FF2-5
Added Pin To Net: NetName=NetAND1_U_JK_FF2_8 Pin=P2-7
Added Pin To Net: NetName=NetAND1_U_JK_FF2_8 Pin=S1-3
Added Net: Name=NetAND1_U_JK_FF2_8
Added Pin To Net: NetName=NetAND1_U_JK_FF2_9 Pin=AND1_U_JK_FF2-9
Added Pin To Net: NetName=NetAND1_U_JK_FF2_9 Pin=NOR1_U_JK_FF2-6
Added Net: Name=NetAND1_U_JK_FF2_9
Added Pin To Net: NetName=NetAND1_U_JK_FF3_5 Pin=AND1_U_JK_FF3-5
Added Pin To Net: NetName=NetAND1_U_JK_FF3_5 Pin=NOR1_U_JK_FF3-2
Added Pin To Net: NetName=NetAND1_U_JK_FF3_5 Pin=NOR1_U_JK_FF3-4
Added Pin To Net: NetName=NetAND1_U_JK_FF3_5 Pin=S2-4
Added Net: Name=NetAND1_U_JK_FF3_5
Added Pin To Net: NetName=NetAND1_U_JK_FF3_6 Pin=AND1_U_JK_FF3-6
Added Pin To Net: NetName=NetAND1_U_JK_FF3_6 Pin=NOR1_U_JK_FF3-3
Added Net: Name=NetAND1_U_JK_FF3_6
Added Pin To Net: NetName=NetAND1_U_JK_FF3_8 Pin=AND1_U_JK_FF3-8
Added Pin To Net: NetName=NetAND1_U_JK_FF3_8 Pin=NOR1_U_JK_FF3-1
Added Pin To Net: NetName=NetAND1_U_JK_FF3_8 Pin=NOR1_U_JK_FF3-5
Added Pin To Net: NetName=NetAND1_U_JK_FF3_8 Pin=P2-2
Added Pin To Net: NetName=NetAND1_U_JK_FF3_8 Pin=S2-6
Added Net: Name=NetAND1_U_JK_FF3_8
Added Pin To Net: NetName=NetAND1_U_JK_FF3_9 Pin=AND1_U_JK_FF3-9
Added Pin To Net: NetName=NetAND1_U_JK_FF3_9 Pin=NOR1_U_JK_FF3-6
Added Net: Name=NetAND1_U_JK_FF3_9
Added Pin To Net: NetName=NetAND1_U_JK_FF4_5 Pin=AND1_U_JK_FF4-5
Added Pin To Net: NetName=NetAND1_U_JK_FF4_5 Pin=NOR1_U_JK_FF4-2
Added Pin To Net: NetName=NetAND1_U_JK_FF4_5 Pin=NOR1_U_JK_FF4-4
Added Pin To Net: NetName=NetAND1_U_JK_FF4_5 Pin=S2-2
Added Net: Name=NetAND1_U_JK_FF4_5
Added Pin To Net: NetName=NetAND1_U_JK_FF4_6 Pin=AND1_U_JK_FF4-6
Added Pin To Net: NetName=NetAND1_U_JK_FF4_6 Pin=NOR1_U_JK_FF4-3
Added Net: Name=NetAND1_U_JK_FF4_6
Added Pin To Net: NetName=NetAND1_U_JK_FF4_8 Pin=AND1_U_JK_FF4-8
Added Pin To Net: NetName=NetAND1_U_JK_FF4_8 Pin=NOR1_U_JK_FF4-1
Added Pin To Net: NetName=NetAND1_U_JK_FF4_8 Pin=NOR1_U_JK_FF4-5
Added Pin To Net: NetName=NetAND1_U_JK_FF4_8 Pin=P2-3
Added Pin To Net: NetName=NetAND1_U_JK_FF4_8 Pin=S2-3
Added Net: Name=NetAND1_U_JK_FF4_8
Added Pin To Net: NetName=NetAND1_U_JK_FF4_9 Pin=AND1_U_JK_FF4-9
Added Pin To Net: NetName=NetAND1_U_JK_FF4_9 Pin=NOR1_U_JK_FF4-6
Added Net: Name=NetAND1_U_JK_FF4_9
Added Pin To Net: NetName=NetAND1_U_JK_FF5_5 Pin=AND1_U_JK_FF5-5
Added Pin To Net: NetName=NetAND1_U_JK_FF5_5 Pin=NOR1_U_JK_FF5-2
Added Pin To Net: NetName=NetAND1_U_JK_FF5_5 Pin=NOR1_U_JK_FF5-4
Added Net: Name=NetAND1_U_JK_FF5_5
Added Pin To Net: NetName=NetAND1_U_JK_FF5_6 Pin=AND1_U_JK_FF5-6
Added Pin To Net: NetName=NetAND1_U_JK_FF5_6 Pin=NOR1_U_JK_FF5-3
Added Net: Name=NetAND1_U_JK_FF5_6
Added Pin To Net: NetName=NetAND1_U_JK_FF5_8 Pin=AND1_U_JK_FF5-8
Added Pin To Net: NetName=NetAND1_U_JK_FF5_8 Pin=NOR1_U_JK_FF5-1
Added Pin To Net: NetName=NetAND1_U_JK_FF5_8 Pin=NOR1_U_JK_FF5-5
Added Pin To Net: NetName=NetAND1_U_JK_FF5_8 Pin=P2-4
Added Net: Name=NetAND1_U_JK_FF5_8
Added Pin To Net: NetName=NetAND1_U_JK_FF5_9 Pin=AND1_U_JK_FF5-9
Added Pin To Net: NetName=NetAND1_U_JK_FF5_9 Pin=NOR1_U_JK_FF5-6
Added Net: Name=NetAND1_U_JK_FF5_9
Added Pin To Net: NetName=NetAND2_5 Pin=AND2-5
Added Pin To Net: NetName=NetAND2_5 Pin=NOR2-2
Added Pin To Net: NetName=NetAND2_5 Pin=NOR2-4
Added Net: Name=NetAND2_5
Added Pin To Net: NetName=NetAND2_6 Pin=AND2-6
Added Pin To Net: NetName=NetAND2_6 Pin=NOR2-3
Added Net: Name=NetAND2_6
Added Pin To Net: NetName=NetAND2_8 Pin=AND2-8
Added Pin To Net: NetName=NetAND2_8 Pin=NOR2-1
Added Pin To Net: NetName=NetAND2_8 Pin=NOR2-5
Added Pin To Net: NetName=NetAND2_8 Pin=P2-8
Added Net: Name=NetAND2_8
Added Pin To Net: NetName=NetAND2_9 Pin=AND2-9
Added Pin To Net: NetName=NetAND2_9 Pin=NOR2-6
Added Net: Name=NetAND2_9
Added Pin To Net: NetName=NetAND2_11 Pin=AND2-11
Added Pin To Net: NetName=NetAND2_11 Pin=S1-1
Added Net: Name=NetAND2_11
Added Class: Name=Counters
Added Class: Name=U_Async
Added Class: Name=U_JK_FF1
Added Class: Name=U_JK_FF2
Added Class: Name=U_JK_FF3
Added Class: Name=U_JK_FF4
Added Class: Name=U_JK_FF5
Added Class: Name=U_JK_FF_WITH_AND1
Added Class: Name=U_Sync
Added Class: Name=JK_FF
Added Room: Name=Counters
Added Room: Name=U_Async
Added Room: Name=U_JK_FF1
Added Room: Name=U_JK_FF2
Added Room: Name=U_JK_FF3
Added Room: Name=U_JK_FF4
Added Room: Name=U_JK_FF5
Added Room: Name=U_JK_FF_WITH_AND1
Added Room: Name=U_Sync
